[2013-03-16 09:26:46] START
[2013-03-16 09:26:46] EDIT welcome/controllers/default.py: 2
[2014-06-19 17:14:11] EDIT windsormanor/controllers/default.py: -1
[2014-06-19 17:15:55] EDIT windsormanor/controllers/default.py: 0
[2014-06-19 17:19:02] EDIT windsormanor/controllers/default.py: 0
[2014-06-19 17:19:56] EDIT windsormanor/controllers/default.py: 0
[2014-06-19 17:21:46] EDIT windsormanor/controllers/default.py: 1
[2014-06-19 17:22:12] EDIT windsormanor/controllers/default.py: 6
[2014-06-19 17:24:04] EDIT windsormanor/controllers/default.py: 0
[2014-06-19 17:24:23] EDIT windsormanor/controllers/default.py: 0
[2014-06-19 17:24:34] EDIT windsormanor/controllers/default.py: 0
[2014-06-19 17:25:07] EDIT windsormanor/controllers/default.py: 0
[2014-06-19 17:25:28] EDIT windsormanor/controllers/default.py: 0
[2014-06-19 17:25:34] EDIT windsormanor/controllers/default.py: 0
[2014-06-19 17:26:38] EDIT windsormanor/controllers/default.py: 0
[2014-06-19 17:27:09] EDIT windsormanor/controllers/default.py: 0
[2014-06-19 17:27:33] EDIT windsormanor/controllers/default.py: 0
[2014-06-19 17:27:34] EDIT windsormanor/controllers/default.py: 0
[2014-06-19 17:27:34] EDIT windsormanor/controllers/default.py: 0
[2014-06-19 17:27:34] EDIT windsormanor/controllers/default.py: 0
[2014-06-19 17:27:35] EDIT windsormanor/controllers/default.py: 0
[2014-06-19 17:27:40] EDIT windsormanor/controllers/default.py: 0
[2014-06-19 17:27:45] EDIT windsormanor/controllers/default.py: 0
[2014-06-19 17:28:43] EDIT windsormanor/controllers/default.py: 0
[2014-06-19 17:29:01] EDIT windsormanor/controllers/default.py: 0
[2014-06-19 17:30:06] EDIT windsormanor/controllers/default.py: 0
[2014-06-19 17:30:49] EDIT windsormanor/controllers/default.py: 0
[2014-06-19 17:35:32] EDIT windsormanor/controllers/default.py: 72
[2014-06-19 17:36:41] EDIT windsormanor/controllers/default.py: -2
[2014-06-19 17:37:32] EDIT windsormanor/controllers/default.py: 0
[2014-06-19 17:37:54] EDIT windsormanor/controllers/default.py: 0
[2014-06-19 17:38:36] EDIT windsormanor/controllers/default.py: 0
[2014-06-19 17:39:36] EDIT windsormanor/controllers/default.py: -2
[2014-06-19 17:40:03] EDIT windsormanor/controllers/default.py: 0
[2014-06-19 17:40:31] EDIT windsormanor/controllers/default.py: 0
[2014-06-19 17:41:34] EDIT windsormanor/controllers/default.py: 0
[2014-06-19 17:42:00] EDIT windsormanor/controllers/default.py: 0
[2014-06-19 17:42:19] EDIT windsormanor/controllers/default.py: 0
[2014-06-19 17:42:49] EDIT windsormanor/controllers/default.py: 0
[2014-06-19 17:43:18] EDIT windsormanor/controllers/default.py: 0
[2014-06-19 17:43:49] EDIT windsormanor/controllers/default.py: 0
[2014-06-19 17:44:11] EDIT windsormanor/controllers/default.py: 0
[2014-06-19 17:44:24] EDIT windsormanor/controllers/default.py: 0
[2014-06-19 17:44:41] EDIT windsormanor/controllers/default.py: 0
[2014-06-19 17:50:18] EDIT windsormanor/controllers/default.py: -1
[2014-06-19 17:51:19] EDIT windsormanor/controllers/default.py: 1
[2014-06-19 17:58:04] EDIT windsormanor/controllers/default.py: 3
[2014-06-19 18:05:15] EDIT windsormanor/controllers/default.py: 0
[2014-06-19 18:16:15] EDIT windsormanor/controllers/default.py: -3
[2014-06-19 18:19:39] EDIT windsormanor/controllers/default.py: 4
[2014-06-19 18:19:51] EDIT windsormanor/controllers/default.py: -1
[2014-06-19 18:22:36] EDIT windsormanor/controllers/default.py: 6
[2014-06-19 18:24:14] EDIT windsormanor/controllers/default.py: 0
[2014-06-19 18:26:36] EDIT windsormanor/controllers/default.py: 3
[2014-06-19 18:26:47] EDIT windsormanor/controllers/default.py: 0
[2014-06-19 18:37:48] EDIT windsormanor/models/db_wizard.py: 4
[2014-06-19 18:38:48] EDIT windsormanor/controllers/default.py: -4
[2014-06-19 18:39:15] EDIT windsormanor/controllers/default.py: 1
[2014-06-19 18:41:14] EDIT windsormanor/controllers/default.py: 0
[2014-06-19 18:41:35] EDIT windsormanor/controllers/default.py: 0
[2014-06-19 18:52:02] EDIT windsormanor/controllers/default.py: 7
[2014-06-20 17:07:31] EDIT windsormanor/controllers/default.py: 0
[2014-06-20 17:10:49] EDIT windsormanor/controllers/default.py: 0
[2014-06-20 17:13:42] EDIT windsormanor/controllers/default.py: 0
[2014-06-20 17:14:49] EDIT windsormanor/controllers/default.py: 0
[2014-06-20 17:15:31] EDIT windsormanor/controllers/default.py: 0
[2014-06-20 17:26:52] EDIT windsormanor/controllers/default.py: 0
[2014-06-20 17:28:07] EDIT windsormanor/controllers/default.py: 0
[2014-06-20 17:29:22] EDIT windsormanor/controllers/default.py: 0
[2014-06-20 17:37:28] EDIT windsormanor/controllers/default.py: 2
[2014-06-20 17:38:47] EDIT windsormanor/controllers/default.py: 0
[2014-06-20 17:38:55] EDIT windsormanor/controllers/default.py: 0
[2014-06-20 17:39:04] EDIT windsormanor/controllers/default.py: 0
[2014-06-20 17:39:13] EDIT windsormanor/controllers/default.py: 0
[2014-06-26 17:48:18] CREATE facebook.py: 0
[2014-06-26 17:49:40] EDIT wm/models/facebook.py: 46
[2014-06-27 17:32:24] EDIT wm/controllers/default.py: 2
[2014-06-27 17:32:50] EDIT wm/controllers/default.py: 0
[2014-06-27 17:33:16] EDIT wm/controllers/default.py: 0
[2014-06-27 17:33:24] EDIT wm/controllers/default.py: 0
[2014-06-27 17:34:56] EDIT wm/controllers/default.py: 0
[2014-06-27 17:35:07] EDIT wm/controllers/default.py: 0
[2014-06-27 17:36:56] EDIT wm/controllers/default.py: 0
[2014-06-27 17:39:46] EDIT wm/controllers/default.py: -11
[2014-06-27 17:48:33] EDIT wm/controllers/default.py: -1
[2014-06-27 17:51:49] EDIT wm/controllers/default.py: 13
[2014-06-27 17:56:18] EDIT wm/controllers/default.py: 0
[2014-06-27 17:56:46] EDIT wm/controllers/default.py: 0
[2014-06-27 17:58:39] EDIT wm/models/db_wizard.py: 3
[2014-06-27 17:59:30] EDIT wm/models/db_wizard.py: 0
[2014-06-27 18:00:12] EDIT wm/models/db_wizard.py: 0
[2014-06-27 18:00:33] EDIT wm/models/db_wizard.py: 0
[2014-06-27 18:11:08] DELETE wm/models/facebook.py: -46
[2014-06-27 18:13:03] EDIT wm/views/default/registration.html: 0
[2014-06-27 18:13:19] EDIT wm/views/default/registration.html: 0
[2014-06-28 09:04:57] EDIT wm/models/menu.py: 0
[2014-06-28 09:07:40] EDIT wm/controllers/default.py: 3
[2014-06-28 09:08:10] EDIT wm/controllers/default.py: 0
[2014-06-28 09:09:11] EDIT wm/controllers/default.py: 0
[2014-06-28 09:10:08] EDIT wm/controllers/default.py: 0
[2014-06-28 09:10:52] EDIT wm/controllers/default.py: 0
[2014-06-28 09:11:28] EDIT wm/controllers/default.py: 1
[2014-06-28 09:14:33] EDIT wm/controllers/default.py: 1
[2014-06-28 09:30:24] EDIT wm/controllers/default.py: -3
[2014-06-28 09:30:41] EDIT wm/controllers/default.py: 1
[2014-06-28 09:31:08] EDIT wm/controllers/default.py: 0
[2014-06-28 09:32:10] EDIT wm/controllers/default.py: 0
[2014-06-28 11:00:11] EDIT wm/models/db.py: 1
[2014-06-28 11:00:54] EDIT wm/models/db.py: 0
[2014-06-28 11:01:12] EDIT wm/models/db.py: -1
[2014-06-28 11:01:31] EDIT wm/models/db_wizard.py: 1
[2014-07-03 17:08:43] EDIT wm/models/db_wizard.py: -1
[2014-07-03 17:16:22] EDIT wm/models/db_wizard.py: 0
