timestamp: 2014-06-19T10:33:07.759000
CREATE TABLE auth_user(
    id INTEGER PRIMARY KEY AUTOINCREMENT,
    first_name CHAR(128),
    last_name CHAR(128),
    email CHAR(512),
    password CHAR(512),
    registration_key CHAR(512),
    reset_password_key CHAR(512),
    registration_id CHAR(512)
);
success!
timestamp: 2014-06-19T10:33:08.212000
CREATE TABLE auth_group(
    id INTEGER PRIMARY KEY AUTOINCREMENT,
    role CHAR(512),
    description TEXT
);
success!
timestamp: 2014-06-19T10:33:08.290000
CREATE TABLE auth_membership(
    id INTEGER PRIMARY KEY AUTOINCREMENT,
    user_id INTEGER REFERENCES auth_user (id) ON DELETE CASCADE,
    group_id INTEGER REFERENCES auth_group (id) ON DELETE CASCADE
);
success!
timestamp: 2014-06-19T10:33:08.384000
CREATE TABLE auth_permission(
    id INTEGER PRIMARY KEY AUTOINCREMENT,
    group_id INTEGER REFERENCES auth_group (id) ON DELETE CASCADE,
    name CHAR(512),
    table_name CHAR(512),
    record_id INTEGER
);
success!
timestamp: 2014-06-19T10:33:08.493000
CREATE TABLE auth_event(
    id INTEGER PRIMARY KEY AUTOINCREMENT,
    time_stamp TIMESTAMP,
    client_ip CHAR(512),
    user_id INTEGER REFERENCES auth_user (id) ON DELETE CASCADE,
    origin CHAR(512),
    description TEXT
);
success!
timestamp: 2014-06-19T10:33:08.603000
CREATE TABLE auth_cas(
    id INTEGER PRIMARY KEY AUTOINCREMENT,
    user_id INTEGER REFERENCES auth_user (id) ON DELETE CASCADE,
    created_on TIMESTAMP,
    service CHAR(512),
    ticket CHAR(512),
    renew CHAR(1)
);
success!
timestamp: 2014-06-19T10:33:08.712000
CREATE TABLE t_t_semester(
    id INTEGER PRIMARY KEY AUTOINCREMENT,
    f_start_date CHAR(512),
    f_end_date CHAR(512),
    f_creation_date CHAR(512),
    f_last_updated_date CHAR(512),
    is_active CHAR(1),
    created_on TIMESTAMP,
    created_by INTEGER REFERENCES auth_user (id) ON DELETE CASCADE,
    modified_on TIMESTAMP,
    modified_by INTEGER REFERENCES auth_user (id) ON DELETE CASCADE
);
success!
timestamp: 2014-06-19T10:33:08.821000
CREATE TABLE t_t_semester_archive(
    id INTEGER PRIMARY KEY AUTOINCREMENT,
    f_start_date CHAR(512),
    f_end_date CHAR(512),
    f_creation_date CHAR(512),
    f_last_updated_date CHAR(512),
    is_active CHAR(1),
    created_on TIMESTAMP,
    created_by INTEGER REFERENCES auth_user (id) ON DELETE CASCADE,
    modified_on TIMESTAMP,
    modified_by INTEGER REFERENCES auth_user (id) ON DELETE CASCADE,
    current_record INTEGER REFERENCES t_t_semester (id) ON DELETE CASCADE
);
success!
timestamp: 2014-06-19T10:33:08.946000
CREATE TABLE t_t_request_comments(
    id INTEGER PRIMARY KEY AUTOINCREMENT,
    f_comments CHAR(512),
    f_creations_date CHAR(512),
    f_created_by CHAR(512),
    is_active CHAR(1),
    created_on TIMESTAMP,
    created_by INTEGER REFERENCES auth_user (id) ON DELETE CASCADE,
    modified_on TIMESTAMP,
    modified_by INTEGER REFERENCES auth_user (id) ON DELETE CASCADE
);
success!
timestamp: 2014-06-19T10:33:09.040000
CREATE TABLE t_t_request_comments_archive(
    id INTEGER PRIMARY KEY AUTOINCREMENT,
    f_comments CHAR(512),
    f_creations_date CHAR(512),
    f_created_by CHAR(512),
    is_active CHAR(1),
    created_on TIMESTAMP,
    created_by INTEGER REFERENCES auth_user (id) ON DELETE CASCADE,
    modified_on TIMESTAMP,
    modified_by INTEGER REFERENCES auth_user (id) ON DELETE CASCADE,
    current_record INTEGER REFERENCES t_t_request_comments (id) ON DELETE CASCADE
);
success!
timestamp: 2014-06-19T10:33:09.134000
CREATE TABLE t_t_contract(
    id INTEGER PRIMARY KEY AUTOINCREMENT,
    f_user_id CHAR(512),
    f_apartment_id CHAR(512),
    f_semester_id CHAR(512),
    f_active CHAR(512),
    f_creation_date CHAR(512),
    f_last_updated_date CHAR(512),
    is_active CHAR(1),
    created_on TIMESTAMP,
    created_by INTEGER REFERENCES auth_user (id) ON DELETE CASCADE,
    modified_on TIMESTAMP,
    modified_by INTEGER REFERENCES auth_user (id) ON DELETE CASCADE
);
success!
timestamp: 2014-06-19T10:33:09.243000
CREATE TABLE t_t_contract_archive(
    id INTEGER PRIMARY KEY AUTOINCREMENT,
    f_user_id CHAR(512),
    f_apartment_id CHAR(512),
    f_semester_id CHAR(512),
    f_active CHAR(512),
    f_creation_date CHAR(512),
    f_last_updated_date CHAR(512),
    is_active CHAR(1),
    created_on TIMESTAMP,
    created_by INTEGER REFERENCES auth_user (id) ON DELETE CASCADE,
    modified_on TIMESTAMP,
    modified_by INTEGER REFERENCES auth_user (id) ON DELETE CASCADE,
    current_record INTEGER REFERENCES t_t_contract (id) ON DELETE CASCADE
);
success!
timestamp: 2014-06-19T10:33:09.368000
CREATE TABLE t_t_parking(
    id INTEGER PRIMARY KEY AUTOINCREMENT,
    f_user_id CHAR(512),
    f_stall_number CHAR(512),
    f_car_make CHAR(512),
    f_car_model CHAR(512),
    f_license_plate_number CHAR(512),
    is_active CHAR(1),
    created_on TIMESTAMP,
    created_by INTEGER REFERENCES auth_user (id) ON DELETE CASCADE,
    modified_on TIMESTAMP,
    modified_by INTEGER REFERENCES auth_user (id) ON DELETE CASCADE
);
success!
timestamp: 2014-06-19T10:33:09.556000
CREATE TABLE t_t_parking_archive(
    id INTEGER PRIMARY KEY AUTOINCREMENT,
    f_user_id CHAR(512),
    f_stall_number CHAR(512),
    f_car_make CHAR(512),
    f_car_model CHAR(512),
    f_license_plate_number CHAR(512),
    is_active CHAR(1),
    created_on TIMESTAMP,
    created_by INTEGER REFERENCES auth_user (id) ON DELETE CASCADE,
    modified_on TIMESTAMP,
    modified_by INTEGER REFERENCES auth_user (id) ON DELETE CASCADE,
    current_record INTEGER REFERENCES t_t_parking (id) ON DELETE CASCADE
);
success!
timestamp: 2014-06-19T10:33:09.696000
CREATE TABLE t_t_room_type(
    id INTEGER PRIMARY KEY AUTOINCREMENT,
    f_type CHAR(512),
    f_details CHAR(512),
    is_active CHAR(1),
    created_on TIMESTAMP,
    created_by INTEGER REFERENCES auth_user (id) ON DELETE CASCADE,
    modified_on TIMESTAMP,
    modified_by INTEGER REFERENCES auth_user (id) ON DELETE CASCADE
);
success!
timestamp: 2014-06-19T10:33:09.806000
CREATE TABLE t_t_room_type_archive(
    id INTEGER PRIMARY KEY AUTOINCREMENT,
    f_type CHAR(512),
    f_details CHAR(512),
    is_active CHAR(1),
    created_on TIMESTAMP,
    created_by INTEGER REFERENCES auth_user (id) ON DELETE CASCADE,
    modified_on TIMESTAMP,
    modified_by INTEGER REFERENCES auth_user (id) ON DELETE CASCADE,
    current_record INTEGER REFERENCES t_t_room_type (id) ON DELETE CASCADE
);
success!
timestamp: 2014-06-19T10:33:09.915000
CREATE TABLE t_t_request_type(
    id INTEGER PRIMARY KEY AUTOINCREMENT,
    f_type CHAR(512),
    f_details CHAR(512),
    is_active CHAR(1),
    created_on TIMESTAMP,
    created_by INTEGER REFERENCES auth_user (id) ON DELETE CASCADE,
    modified_on TIMESTAMP,
    modified_by INTEGER REFERENCES auth_user (id) ON DELETE CASCADE
);
success!
timestamp: 2014-06-19T10:33:10.072000
CREATE TABLE t_t_request_type_archive(
    id INTEGER PRIMARY KEY AUTOINCREMENT,
    f_type CHAR(512),
    f_details CHAR(512),
    is_active CHAR(1),
    created_on TIMESTAMP,
    created_by INTEGER REFERENCES auth_user (id) ON DELETE CASCADE,
    modified_on TIMESTAMP,
    modified_by INTEGER REFERENCES auth_user (id) ON DELETE CASCADE,
    current_record INTEGER REFERENCES t_t_request_type (id) ON DELETE CASCADE
);
success!
timestamp: 2014-06-19T10:33:10.181000
CREATE TABLE t_t_apartment(
    id INTEGER PRIMARY KEY AUTOINCREMENT,
    f_floor_id CHAR(512),
    f_apartment_type_id CHAR(512),
    f_apartment_number CHAR(512),
    is_active CHAR(1),
    created_on TIMESTAMP,
    created_by INTEGER REFERENCES auth_user (id) ON DELETE CASCADE,
    modified_on TIMESTAMP,
    modified_by INTEGER REFERENCES auth_user (id) ON DELETE CASCADE
);
success!
timestamp: 2014-06-19T10:33:10.275000
CREATE TABLE t_t_apartment_archive(
    id INTEGER PRIMARY KEY AUTOINCREMENT,
    f_floor_id CHAR(512),
    f_apartment_type_id CHAR(512),
    f_apartment_number CHAR(512),
    is_active CHAR(1),
    created_on TIMESTAMP,
    created_by INTEGER REFERENCES auth_user (id) ON DELETE CASCADE,
    modified_on TIMESTAMP,
    modified_by INTEGER REFERENCES auth_user (id) ON DELETE CASCADE,
    current_record INTEGER REFERENCES t_t_apartment (id) ON DELETE CASCADE
);
success!
timestamp: 2014-06-19T10:33:10.384000
CREATE TABLE t_t_building(
    id INTEGER PRIMARY KEY AUTOINCREMENT,
    f_building_name CHAR(512),
    f_building_number CHAR(512),
    f_building_type CHAR(512),
    is_active CHAR(1),
    created_on TIMESTAMP,
    created_by INTEGER REFERENCES auth_user (id) ON DELETE CASCADE,
    modified_on TIMESTAMP,
    modified_by INTEGER REFERENCES auth_user (id) ON DELETE CASCADE
);
success!
timestamp: 2014-06-19T10:33:10.478000
CREATE TABLE t_t_building_archive(
    id INTEGER PRIMARY KEY AUTOINCREMENT,
    f_building_name CHAR(512),
    f_building_number CHAR(512),
    f_building_type CHAR(512),
    is_active CHAR(1),
    created_on TIMESTAMP,
    created_by INTEGER REFERENCES auth_user (id) ON DELETE CASCADE,
    modified_on TIMESTAMP,
    modified_by INTEGER REFERENCES auth_user (id) ON DELETE CASCADE,
    current_record INTEGER REFERENCES t_t_building (id) ON DELETE CASCADE
);
success!
timestamp: 2014-06-19T10:33:10.572000
CREATE TABLE t_t_request(
    id INTEGER PRIMARY KEY AUTOINCREMENT,
    f_user_id CHAR(512),
    f_request_type_id CHAR(512),
    f_request_comments_id CHAR(512),
    f_location CHAR(512),
    f_details CHAR(512),
    f_status CHAR(512),
    f_creation_date CHAR(512),
    f_last_updated_date CHAR(512),
    is_active CHAR(1),
    created_on TIMESTAMP,
    created_by INTEGER REFERENCES auth_user (id) ON DELETE CASCADE,
    modified_on TIMESTAMP,
    modified_by INTEGER REFERENCES auth_user (id) ON DELETE CASCADE
);
success!
timestamp: 2014-06-19T10:33:10.681000
CREATE TABLE t_t_request_archive(
    id INTEGER PRIMARY KEY AUTOINCREMENT,
    f_user_id CHAR(512),
    f_request_type_id CHAR(512),
    f_request_comments_id CHAR(512),
    f_location CHAR(512),
    f_details CHAR(512),
    f_status CHAR(512),
    f_creation_date CHAR(512),
    f_last_updated_date CHAR(512),
    is_active CHAR(1),
    created_on TIMESTAMP,
    created_by INTEGER REFERENCES auth_user (id) ON DELETE CASCADE,
    modified_on TIMESTAMP,
    modified_by INTEGER REFERENCES auth_user (id) ON DELETE CASCADE,
    current_record INTEGER REFERENCES t_t_request (id) ON DELETE CASCADE
);
success!
timestamp: 2014-06-19T10:33:10.775000
CREATE TABLE t_t_floor(
    id INTEGER PRIMARY KEY AUTOINCREMENT,
    f_building_id CHAR(512),
    f_floor_number CHAR(512),
    is_active CHAR(1),
    created_on TIMESTAMP,
    created_by INTEGER REFERENCES auth_user (id) ON DELETE CASCADE,
    modified_on TIMESTAMP,
    modified_by INTEGER REFERENCES auth_user (id) ON DELETE CASCADE
);
success!
timestamp: 2014-06-19T10:33:10.868000
CREATE TABLE t_t_floor_archive(
    id INTEGER PRIMARY KEY AUTOINCREMENT,
    f_building_id CHAR(512),
    f_floor_number CHAR(512),
    is_active CHAR(1),
    created_on TIMESTAMP,
    created_by INTEGER REFERENCES auth_user (id) ON DELETE CASCADE,
    modified_on TIMESTAMP,
    modified_by INTEGER REFERENCES auth_user (id) ON DELETE CASCADE,
    current_record INTEGER REFERENCES t_t_floor (id) ON DELETE CASCADE
);
success!
timestamp: 2014-06-19T10:33:10.962000
CREATE TABLE t_t_room(
    id INTEGER PRIMARY KEY AUTOINCREMENT,
    f_room_type_id CHAR(512),
    f_apartment_id CHAR(512),
    is_active CHAR(1),
    created_on TIMESTAMP,
    created_by INTEGER REFERENCES auth_user (id) ON DELETE CASCADE,
    modified_on TIMESTAMP,
    modified_by INTEGER REFERENCES auth_user (id) ON DELETE CASCADE
);
success!
timestamp: 2014-06-19T10:33:11.087000
CREATE TABLE t_t_room_archive(
    id INTEGER PRIMARY KEY AUTOINCREMENT,
    f_room_type_id CHAR(512),
    f_apartment_id CHAR(512),
    is_active CHAR(1),
    created_on TIMESTAMP,
    created_by INTEGER REFERENCES auth_user (id) ON DELETE CASCADE,
    modified_on TIMESTAMP,
    modified_by INTEGER REFERENCES auth_user (id) ON DELETE CASCADE,
    current_record INTEGER REFERENCES t_t_room (id) ON DELETE CASCADE
);
success!
timestamp: 2014-06-19T10:33:11.228000
CREATE TABLE t_t_apartment_type(
    id INTEGER PRIMARY KEY AUTOINCREMENT,
    f_apartment_type CHAR(512),
    is_active CHAR(1),
    created_on TIMESTAMP,
    created_by INTEGER REFERENCES auth_user (id) ON DELETE CASCADE,
    modified_on TIMESTAMP,
    modified_by INTEGER REFERENCES auth_user (id) ON DELETE CASCADE
);
success!
timestamp: 2014-06-19T10:33:11.322000
CREATE TABLE t_t_apartment_type_archive(
    id INTEGER PRIMARY KEY AUTOINCREMENT,
    f_apartment_type CHAR(512),
    is_active CHAR(1),
    created_on TIMESTAMP,
    created_by INTEGER REFERENCES auth_user (id) ON DELETE CASCADE,
    modified_on TIMESTAMP,
    modified_by INTEGER REFERENCES auth_user (id) ON DELETE CASCADE,
    current_record INTEGER REFERENCES t_t_apartment_type (id) ON DELETE CASCADE
);
success!
timestamp: 2014-06-19T10:33:11.431000
CREATE TABLE t_t_user_info(
    id INTEGER PRIMARY KEY AUTOINCREMENT,
    f_phone CHAR(512),
    f_address1 CHAR(512),
    f_address2 CHAR(512),
    f_city CHAR(512),
    f_state CHAR(512),
    f_zip CHAR(512),
    f_country CHAR(512),
    f_gender CHAR(512),
    f_creation_date CHAR(512),
    f_last_updated_date CHAR(512),
    is_active CHAR(1),
    created_on TIMESTAMP,
    created_by INTEGER REFERENCES auth_user (id) ON DELETE CASCADE,
    modified_on TIMESTAMP,
    modified_by INTEGER REFERENCES auth_user (id) ON DELETE CASCADE
);
success!
timestamp: 2014-06-19T10:33:11.525000
CREATE TABLE t_t_user_info_archive(
    id INTEGER PRIMARY KEY AUTOINCREMENT,
    f_phone CHAR(512),
    f_address1 CHAR(512),
    f_address2 CHAR(512),
    f_city CHAR(512),
    f_state CHAR(512),
    f_zip CHAR(512),
    f_country CHAR(512),
    f_gender CHAR(512),
    f_creation_date CHAR(512),
    f_last_updated_date CHAR(512),
    is_active CHAR(1),
    created_on TIMESTAMP,
    created_by INTEGER REFERENCES auth_user (id) ON DELETE CASCADE,
    modified_on TIMESTAMP,
    modified_by INTEGER REFERENCES auth_user (id) ON DELETE CASCADE,
    current_record INTEGER REFERENCES t_t_user_info (id) ON DELETE CASCADE
);
success!
timestamp: 2014-06-19T10:34:22.672000
CREATE TABLE t_semester(
    id INTEGER PRIMARY KEY AUTOINCREMENT,
    f_start_date CHAR(512),
    f_end_date CHAR(512),
    f_creation_date CHAR(512),
    f_last_updated_date CHAR(512),
    is_active CHAR(1),
    created_on TIMESTAMP,
    created_by INTEGER REFERENCES auth_user (id) ON DELETE CASCADE,
    modified_on TIMESTAMP,
    modified_by INTEGER REFERENCES auth_user (id) ON DELETE CASCADE
);
success!
timestamp: 2014-06-19T10:34:22.985000
CREATE TABLE t_semester_archive(
    id INTEGER PRIMARY KEY AUTOINCREMENT,
    f_start_date CHAR(512),
    f_end_date CHAR(512),
    f_creation_date CHAR(512),
    f_last_updated_date CHAR(512),
    is_active CHAR(1),
    created_on TIMESTAMP,
    created_by INTEGER REFERENCES auth_user (id) ON DELETE CASCADE,
    modified_on TIMESTAMP,
    modified_by INTEGER REFERENCES auth_user (id) ON DELETE CASCADE,
    current_record INTEGER REFERENCES t_semester (id) ON DELETE CASCADE
);
success!
timestamp: 2014-06-19T10:34:23.360000
CREATE TABLE t_request_comments(
    id INTEGER PRIMARY KEY AUTOINCREMENT,
    f_comments CHAR(512),
    f_creations_date CHAR(512),
    f_created_by CHAR(512),
    is_active CHAR(1),
    created_on TIMESTAMP,
    created_by INTEGER REFERENCES auth_user (id) ON DELETE CASCADE,
    modified_on TIMESTAMP,
    modified_by INTEGER REFERENCES auth_user (id) ON DELETE CASCADE
);
success!
timestamp: 2014-06-19T10:34:23.610000
CREATE TABLE t_request_comments_archive(
    id INTEGER PRIMARY KEY AUTOINCREMENT,
    f_comments CHAR(512),
    f_creations_date CHAR(512),
    f_created_by CHAR(512),
    is_active CHAR(1),
    created_on TIMESTAMP,
    created_by INTEGER REFERENCES auth_user (id) ON DELETE CASCADE,
    modified_on TIMESTAMP,
    modified_by INTEGER REFERENCES auth_user (id) ON DELETE CASCADE,
    current_record INTEGER REFERENCES t_request_comments (id) ON DELETE CASCADE
);
success!
timestamp: 2014-06-19T10:34:23.782000
CREATE TABLE t_contract(
    id INTEGER PRIMARY KEY AUTOINCREMENT,
    f_user_id CHAR(512),
    f_apartment_id CHAR(512),
    f_semester_id CHAR(512),
    f_active CHAR(512),
    f_creation_date CHAR(512),
    f_last_updated_date CHAR(512),
    is_active CHAR(1),
    created_on TIMESTAMP,
    created_by INTEGER REFERENCES auth_user (id) ON DELETE CASCADE,
    modified_on TIMESTAMP,
    modified_by INTEGER REFERENCES auth_user (id) ON DELETE CASCADE
);
success!
timestamp: 2014-06-19T10:34:24.016000
CREATE TABLE t_contract_archive(
    id INTEGER PRIMARY KEY AUTOINCREMENT,
    f_user_id CHAR(512),
    f_apartment_id CHAR(512),
    f_semester_id CHAR(512),
    f_active CHAR(512),
    f_creation_date CHAR(512),
    f_last_updated_date CHAR(512),
    is_active CHAR(1),
    created_on TIMESTAMP,
    created_by INTEGER REFERENCES auth_user (id) ON DELETE CASCADE,
    modified_on TIMESTAMP,
    modified_by INTEGER REFERENCES auth_user (id) ON DELETE CASCADE,
    current_record INTEGER REFERENCES t_contract (id) ON DELETE CASCADE
);
success!
timestamp: 2014-06-19T10:34:24.282000
CREATE TABLE t_parking(
    id INTEGER PRIMARY KEY AUTOINCREMENT,
    f_user_id CHAR(512),
    f_stall_number CHAR(512),
    f_car_make CHAR(512),
    f_car_model CHAR(512),
    f_license_plate_number CHAR(512),
    is_active CHAR(1),
    created_on TIMESTAMP,
    created_by INTEGER REFERENCES auth_user (id) ON DELETE CASCADE,
    modified_on TIMESTAMP,
    modified_by INTEGER REFERENCES auth_user (id) ON DELETE CASCADE
);
success!
timestamp: 2014-06-19T10:34:24.407000
CREATE TABLE t_parking_archive(
    id INTEGER PRIMARY KEY AUTOINCREMENT,
    f_user_id CHAR(512),
    f_stall_number CHAR(512),
    f_car_make CHAR(512),
    f_car_model CHAR(512),
    f_license_plate_number CHAR(512),
    is_active CHAR(1),
    created_on TIMESTAMP,
    created_by INTEGER REFERENCES auth_user (id) ON DELETE CASCADE,
    modified_on TIMESTAMP,
    modified_by INTEGER REFERENCES auth_user (id) ON DELETE CASCADE,
    current_record INTEGER REFERENCES t_parking (id) ON DELETE CASCADE
);
success!
timestamp: 2014-06-19T10:34:24.547000
CREATE TABLE t_room_type(
    id INTEGER PRIMARY KEY AUTOINCREMENT,
    f_type CHAR(512),
    f_details CHAR(512),
    is_active CHAR(1),
    created_on TIMESTAMP,
    created_by INTEGER REFERENCES auth_user (id) ON DELETE CASCADE,
    modified_on TIMESTAMP,
    modified_by INTEGER REFERENCES auth_user (id) ON DELETE CASCADE
);
success!
timestamp: 2014-06-19T10:34:24.657000
CREATE TABLE t_room_type_archive(
    id INTEGER PRIMARY KEY AUTOINCREMENT,
    f_type CHAR(512),
    f_details CHAR(512),
    is_active CHAR(1),
    created_on TIMESTAMP,
    created_by INTEGER REFERENCES auth_user (id) ON DELETE CASCADE,
    modified_on TIMESTAMP,
    modified_by INTEGER REFERENCES auth_user (id) ON DELETE CASCADE,
    current_record INTEGER REFERENCES t_room_type (id) ON DELETE CASCADE
);
success!
timestamp: 2014-06-19T10:34:24.766000
CREATE TABLE t_request_type(
    id INTEGER PRIMARY KEY AUTOINCREMENT,
    f_type CHAR(512),
    f_details CHAR(512),
    is_active CHAR(1),
    created_on TIMESTAMP,
    created_by INTEGER REFERENCES auth_user (id) ON DELETE CASCADE,
    modified_on TIMESTAMP,
    modified_by INTEGER REFERENCES auth_user (id) ON DELETE CASCADE
);
success!
timestamp: 2014-06-19T10:34:24.891000
CREATE TABLE t_request_type_archive(
    id INTEGER PRIMARY KEY AUTOINCREMENT,
    f_type CHAR(512),
    f_details CHAR(512),
    is_active CHAR(1),
    created_on TIMESTAMP,
    created_by INTEGER REFERENCES auth_user (id) ON DELETE CASCADE,
    modified_on TIMESTAMP,
    modified_by INTEGER REFERENCES auth_user (id) ON DELETE CASCADE,
    current_record INTEGER REFERENCES t_request_type (id) ON DELETE CASCADE
);
success!
timestamp: 2014-06-19T10:34:25.001000
CREATE TABLE t_apartment(
    id INTEGER PRIMARY KEY AUTOINCREMENT,
    f_floor_id CHAR(512),
    f_apartment_type_id CHAR(512),
    f_apartment_number CHAR(512),
    is_active CHAR(1),
    created_on TIMESTAMP,
    created_by INTEGER REFERENCES auth_user (id) ON DELETE CASCADE,
    modified_on TIMESTAMP,
    modified_by INTEGER REFERENCES auth_user (id) ON DELETE CASCADE
);
success!
timestamp: 2014-06-19T10:34:25.110000
CREATE TABLE t_apartment_archive(
    id INTEGER PRIMARY KEY AUTOINCREMENT,
    f_floor_id CHAR(512),
    f_apartment_type_id CHAR(512),
    f_apartment_number CHAR(512),
    is_active CHAR(1),
    created_on TIMESTAMP,
    created_by INTEGER REFERENCES auth_user (id) ON DELETE CASCADE,
    modified_on TIMESTAMP,
    modified_by INTEGER REFERENCES auth_user (id) ON DELETE CASCADE,
    current_record INTEGER REFERENCES t_apartment (id) ON DELETE CASCADE
);
success!
timestamp: 2014-06-19T10:34:25.219000
CREATE TABLE t_building(
    id INTEGER PRIMARY KEY AUTOINCREMENT,
    f_building_name CHAR(512),
    f_building_number CHAR(512),
    f_building_type CHAR(512),
    is_active CHAR(1),
    created_on TIMESTAMP,
    created_by INTEGER REFERENCES auth_user (id) ON DELETE CASCADE,
    modified_on TIMESTAMP,
    modified_by INTEGER REFERENCES auth_user (id) ON DELETE CASCADE
);
success!
timestamp: 2014-06-19T10:34:25.344000
CREATE TABLE t_building_archive(
    id INTEGER PRIMARY KEY AUTOINCREMENT,
    f_building_name CHAR(512),
    f_building_number CHAR(512),
    f_building_type CHAR(512),
    is_active CHAR(1),
    created_on TIMESTAMP,
    created_by INTEGER REFERENCES auth_user (id) ON DELETE CASCADE,
    modified_on TIMESTAMP,
    modified_by INTEGER REFERENCES auth_user (id) ON DELETE CASCADE,
    current_record INTEGER REFERENCES t_building (id) ON DELETE CASCADE
);
success!
timestamp: 2014-06-19T10:34:25.516000
CREATE TABLE t_request(
    id INTEGER PRIMARY KEY AUTOINCREMENT,
    f_user_id CHAR(512),
    f_request_type_id CHAR(512),
    f_request_comments_id CHAR(512),
    f_location CHAR(512),
    f_details CHAR(512),
    f_status CHAR(512),
    f_creation_date CHAR(512),
    f_last_updated_date CHAR(512),
    is_active CHAR(1),
    created_on TIMESTAMP,
    created_by INTEGER REFERENCES auth_user (id) ON DELETE CASCADE,
    modified_on TIMESTAMP,
    modified_by INTEGER REFERENCES auth_user (id) ON DELETE CASCADE
);
success!
timestamp: 2014-06-19T10:34:25.626000
CREATE TABLE t_request_archive(
    id INTEGER PRIMARY KEY AUTOINCREMENT,
    f_user_id CHAR(512),
    f_request_type_id CHAR(512),
    f_request_comments_id CHAR(512),
    f_location CHAR(512),
    f_details CHAR(512),
    f_status CHAR(512),
    f_creation_date CHAR(512),
    f_last_updated_date CHAR(512),
    is_active CHAR(1),
    created_on TIMESTAMP,
    created_by INTEGER REFERENCES auth_user (id) ON DELETE CASCADE,
    modified_on TIMESTAMP,
    modified_by INTEGER REFERENCES auth_user (id) ON DELETE CASCADE,
    current_record INTEGER REFERENCES t_request (id) ON DELETE CASCADE
);
success!
timestamp: 2014-06-19T10:34:25.735000
CREATE TABLE t_floor(
    id INTEGER PRIMARY KEY AUTOINCREMENT,
    f_building_id CHAR(512),
    f_floor_number CHAR(512),
    is_active CHAR(1),
    created_on TIMESTAMP,
    created_by INTEGER REFERENCES auth_user (id) ON DELETE CASCADE,
    modified_on TIMESTAMP,
    modified_by INTEGER REFERENCES auth_user (id) ON DELETE CASCADE
);
success!
timestamp: 2014-06-19T10:34:25.844000
CREATE TABLE t_floor_archive(
    id INTEGER PRIMARY KEY AUTOINCREMENT,
    f_building_id CHAR(512),
    f_floor_number CHAR(512),
    is_active CHAR(1),
    created_on TIMESTAMP,
    created_by INTEGER REFERENCES auth_user (id) ON DELETE CASCADE,
    modified_on TIMESTAMP,
    modified_by INTEGER REFERENCES auth_user (id) ON DELETE CASCADE,
    current_record INTEGER REFERENCES t_floor (id) ON DELETE CASCADE
);
success!
timestamp: 2014-06-19T10:34:25.969000
CREATE TABLE t_room(
    id INTEGER PRIMARY KEY AUTOINCREMENT,
    f_room_type_id CHAR(512),
    f_apartment_id CHAR(512),
    is_active CHAR(1),
    created_on TIMESTAMP,
    created_by INTEGER REFERENCES auth_user (id) ON DELETE CASCADE,
    modified_on TIMESTAMP,
    modified_by INTEGER REFERENCES auth_user (id) ON DELETE CASCADE
);
success!
timestamp: 2014-06-19T10:34:26.094000
CREATE TABLE t_room_archive(
    id INTEGER PRIMARY KEY AUTOINCREMENT,
    f_room_type_id CHAR(512),
    f_apartment_id CHAR(512),
    is_active CHAR(1),
    created_on TIMESTAMP,
    created_by INTEGER REFERENCES auth_user (id) ON DELETE CASCADE,
    modified_on TIMESTAMP,
    modified_by INTEGER REFERENCES auth_user (id) ON DELETE CASCADE,
    current_record INTEGER REFERENCES t_room (id) ON DELETE CASCADE
);
success!
timestamp: 2014-06-19T10:34:26.204000
CREATE TABLE t_apartment_type(
    id INTEGER PRIMARY KEY AUTOINCREMENT,
    f_apartment_type CHAR(512),
    is_active CHAR(1),
    created_on TIMESTAMP,
    created_by INTEGER REFERENCES auth_user (id) ON DELETE CASCADE,
    modified_on TIMESTAMP,
    modified_by INTEGER REFERENCES auth_user (id) ON DELETE CASCADE
);
success!
timestamp: 2014-06-19T10:34:26.313000
CREATE TABLE t_apartment_type_archive(
    id INTEGER PRIMARY KEY AUTOINCREMENT,
    f_apartment_type CHAR(512),
    is_active CHAR(1),
    created_on TIMESTAMP,
    created_by INTEGER REFERENCES auth_user (id) ON DELETE CASCADE,
    modified_on TIMESTAMP,
    modified_by INTEGER REFERENCES auth_user (id) ON DELETE CASCADE,
    current_record INTEGER REFERENCES t_apartment_type (id) ON DELETE CASCADE
);
success!
timestamp: 2014-06-19T10:34:26.438000
CREATE TABLE t_user_info(
    id INTEGER PRIMARY KEY AUTOINCREMENT,
    f_phone CHAR(512),
    f_address1 CHAR(512),
    f_address2 CHAR(512),
    f_city CHAR(512),
    f_state CHAR(512),
    f_zip CHAR(512),
    f_country CHAR(512),
    f_gender CHAR(512),
    f_creation_date CHAR(512),
    f_last_updated_date CHAR(512),
    is_active CHAR(1),
    created_on TIMESTAMP,
    created_by INTEGER REFERENCES auth_user (id) ON DELETE CASCADE,
    modified_on TIMESTAMP,
    modified_by INTEGER REFERENCES auth_user (id) ON DELETE CASCADE
);
success!
timestamp: 2014-06-19T10:34:26.547000
CREATE TABLE t_user_info_archive(
    id INTEGER PRIMARY KEY AUTOINCREMENT,
    f_phone CHAR(512),
    f_address1 CHAR(512),
    f_address2 CHAR(512),
    f_city CHAR(512),
    f_state CHAR(512),
    f_zip CHAR(512),
    f_country CHAR(512),
    f_gender CHAR(512),
    f_creation_date CHAR(512),
    f_last_updated_date CHAR(512),
    is_active CHAR(1),
    created_on TIMESTAMP,
    created_by INTEGER REFERENCES auth_user (id) ON DELETE CASCADE,
    modified_on TIMESTAMP,
    modified_by INTEGER REFERENCES auth_user (id) ON DELETE CASCADE,
    current_record INTEGER REFERENCES t_user_info (id) ON DELETE CASCADE
);
success!
success!
success!
success!
success!
success!
success!
success!
success!
success!
success!
success!
success!
success!
success!
success!
success!
success!
success!
success!
success!
timestamp: 2014-06-19T10:47:23.719000
ALTER TABLE t_user_info ADD f_user_id INTEGER REFERENCES auth_user (id) ON DELETE CASCADE;
success!
timestamp: 2014-06-19T10:47:24.110000
ALTER TABLE t_user_info_archive ADD f_user_id INTEGER REFERENCES auth_user (id) ON DELETE CASCADE;
success!
success!
success!
